<?xml version="1.0" encoding="UTF-8"?>
<!-- Generated by org.testng.reporters.JUnitReportReporter -->
<testsuite skipped="0" hostname="DESKTOP-OO2PTSK" name="com.orangeHRM.testcases.TC02_AddEmployee" tests="1" failures="0" timestamp="16 Jul 2022 17:42:35 GMT" time="40.454" errors="0">
  <testcase name="addEmployee" time="40.454" classname="com.orangeHRM.testcases.TC02_AddEmployee"/>
</testsuite> <!-- com.orangeHRM.testcases.TC02_AddEmployee -->
