<?xml version="1.0" encoding="UTF-8"?>
<!-- Generated by org.testng.reporters.JUnitReportReporter -->
<testsuite skipped="0" hostname="DESKTOP-OO2PTSK" name="com.orangeHRM.utils.XLutils" tests="1" failures="0" timestamp="16 Jul 2022 17:36:09 GMT" time="2.034" errors="0">
  <testcase name="samle" time="2.034" classname="com.orangeHRM.utils.XLutils"/>
</testsuite> <!-- com.orangeHRM.utils.XLutils -->
