<?xml version="1.0" encoding="UTF-8"?>
<!-- Generated by org.testng.reporters.JUnitReportReporter -->
<testsuite skipped="0" hostname="DESKTOP-OO2PTSK" name="com.orangeHRM.testcases.TC01_LoginFunctionality" tests="1" failures="0" timestamp="16 Jul 2022 17:42:35 GMT" time="37.893" errors="0">
  <testcase name="validateLoginFunctinality" time="37.893" classname="com.orangeHRM.testcases.TC01_LoginFunctionality"/>
</testsuite> <!-- com.orangeHRM.testcases.TC01_LoginFunctionality -->
